<?xml version="1.0" encoding="UTF-8"?>
<!-- Generated by org.testng.reporters.JUnitXMLReporter -->
<testsuite hostname="dhqianli" name="127.0.0.1:62025" tests="1" failures="1" timestamp="19 Oct 2017 16:48:04 GMT" time="21.322" errors="0">
  <testcase name="@AfterClass afterClass" time="0.0" classname="cn.crazy.appium.keyworddriver.TestSuiteByExcel">
    <failure type="org.openqa.selenium.remote.SessionNotFoundException" message="
Command duration or timeout: 11 milliseconds
Build info: version: &amp;apos;2.53.0&amp;apos;, revision: &amp;apos;35ae25b1534ae328c771e0856c93e187490ca824&amp;apos;, time: &amp;apos;2016-03-15 10:43:46&amp;apos;
System info: host: &amp;apos;dhqianli&amp;apos;, ip: &amp;apos;192.168.117.2&amp;apos;, os.name: &amp;apos;Windows 10&amp;apos;, os.arch: &amp;apos;amd64&amp;apos;, os.version: &amp;apos;10.0&amp;apos;, java.version: &amp;apos;1.8.0_131&amp;apos;
Driver info: cn.crazy.appium.base.AndroidDriverBase
Capabilities [{appPackage=com.zhihu.android, networkConnectionEnabled=true, noSign=true, warnings={}, databaseEnabled=false, deviceName=127.0.0.1:62025, platform=LINUX, appActivity=com.zhihu.android.app.ui.activity.MainActivity, desired={appPackage=com.zhihu.android, appActivity=com.zhihu.android.app.ui.activity.MainActivity, noSign=true, newCommandTimeout=600, unicodeKeyboard=true, udid=127.0.0.1:62025, platformName=Android, deviceName=devicename, resetKeyboard=true}, newCommandTimeout=600, platformVersion=4.4.2, webStorageEnabled=false, locationContextEnabled=false, browserName=Android, takesScreenshot=true, javascriptEnabled=true, unicodeKeyboard=true, udid=127.0.0.1:62025, platformName=Android, resetKeyboard=true}]
Session ID: d051286f-b62d-464f-a493-0882a70a6ed1">
      <![CDATA[org.openqa.selenium.remote.SessionNotFoundException: 
Command duration or timeout: 11 milliseconds
Build info: version: '2.53.0', revision: '35ae25b1534ae328c771e0856c93e187490ca824', time: '2016-03-15 10:43:46'
System info: host: 'dhqianli', ip: '192.168.117.2', os.name: 'Windows 10', os.arch: 'amd64', os.version: '10.0', java.version: '1.8.0_131'
Driver info: cn.crazy.appium.base.AndroidDriverBase
Capabilities [{appPackage=com.zhihu.android, networkConnectionEnabled=true, noSign=true, warnings={}, databaseEnabled=false, deviceName=127.0.0.1:62025, platform=LINUX, appActivity=com.zhihu.android.app.ui.activity.MainActivity, desired={appPackage=com.zhihu.android, appActivity=com.zhihu.android.app.ui.activity.MainActivity, noSign=true, newCommandTimeout=600, unicodeKeyboard=true, udid=127.0.0.1:62025, platformName=Android, deviceName=devicename, resetKeyboard=true}, newCommandTimeout=600, platformVersion=4.4.2, webStorageEnabled=false, locationContextEnabled=false, browserName=Android, takesScreenshot=true, javascriptEnabled=true, unicodeKeyboard=true, udid=127.0.0.1:62025, platformName=Android, resetKeyboard=true}]
Session ID: d051286f-b62d-464f-a493-0882a70a6ed1
	at org.openqa.selenium.remote.ErrorHandler.createThrowable(ErrorHandler.java:206)
	at org.openqa.selenium.remote.ErrorHandler.throwIfResponseFailed(ErrorHandler.java:158)
	at org.openqa.selenium.remote.RemoteWebDriver.execute(RemoteWebDriver.java:678)
	at io.appium.java_client.DefaultGenericMobileDriver.execute(DefaultGenericMobileDriver.java:43)
	at io.appium.java_client.AppiumDriver.execute(AppiumDriver.java:216)
	at org.openqa.selenium.remote.RemoteWebDriver.quit(RemoteWebDriver.java:526)
	at cn.crazy.appium.base.AndroidDriverBase.quit(AndroidDriverBase.java:251)
	at cn.crazy.appium.keyworddriver.KeyWordsAction.quit(KeyWordsAction.java:211)
	at cn.crazy.appium.keyworddriver.TestSuiteByExcel.afterClass(TestSuiteByExcel.java:165)
	at java.util.concurrent.FutureTask.run(Unknown Source)
	at java.util.concurrent.ThreadPoolExecutor.runWorker(Unknown Source)
	at java.util.concurrent.ThreadPoolExecutor$Worker.run(Unknown Source)
	at java.lang.Thread.run(Unknown Source)
... Removed 20 stack frames]]>
    </failure>
  </testcase> <!-- @AfterClass afterClass -->
  <testcase name="testTestSuite" time="11.255" classname="cn.crazy.appium.keyworddriver.TestSuiteByExcel">
    <failure type="java.lang.AssertionError" message="执行出现异常，测试用例执行失败！">
      <![CDATA[java.lang.AssertionError: 执行出现异常，测试用例执行失败！
	at cn.crazy.appium.keyworddriver.TestSuiteByExcel.testTestSuite(TestSuiteByExcel.java:88)
	at java.util.concurrent.FutureTask.run(Unknown Source)
	at java.util.concurrent.ThreadPoolExecutor.runWorker(Unknown Source)
	at java.util.concurrent.ThreadPoolExecutor$Worker.run(Unknown Source)
	at java.lang.Thread.run(Unknown Source)
... Removed 17 stack frames]]>
    </failure>
  </testcase> <!-- testTestSuite -->
</testsuite> <!-- 127.0.0.1:62025 -->
