<?xml version="1.0" encoding="UTF-8"?>
<!-- Generated by org.testng.reporters.JUnitXMLReporter -->
<testsuite hostname="怎么那么肥" name="printinfo" tests="4" failures="0" timestamp="17 Aug 2018 13:53:52 GMT" time="0.077" errors="0">
  <testcase name="printinfo" time="0.026" classname="cn.crazy.appium.testngtest.study3"/>
  <testcase name="test1" time="0.007" classname="cn.crazy.appium.testngtest.study3"/>
  <testcase name="test1" time="0.001" classname="cn.crazy.appium.testngtest.study3"/>
  <testcase name="test1" time="0.005" classname="cn.crazy.appium.testngtest.study3"/>
</testsuite> <!-- printinfo -->
