<?xml version="1.0" encoding="UTF-8"?>
<!-- Generated by org.testng.reporters.JUnitXMLReporter -->
<testsuite hostname="怎么那么肥" name="Test" tests="3" failures="1" timestamp="16 Aug 2018 14:38:00 GMT" time="0.035" errors="0">
  <testcase name="test3" time="0.008" classname="cn.crazy.appium.testngtest.study2">
    <failure type="java.lang.AssertionError" message="null">
      <![CDATA[java.lang.AssertionError: null
	at cn.crazy.appium.testngtest.study2.test3(study2.java:37)
... Removed 26 stack frames]]>
    </failure>
  </testcase> <!-- test3 -->
  <testcase name="f" time="0.0" classname="cn.crazy.appium.testngtest.study1">
    <skipped/>
  </testcase> <!-- f -->
  <testcase name="f1" time="0.0" classname="cn.crazy.appium.testngtest.study1">
    <skipped/>
  </testcase> <!-- f1 -->
</testsuite> <!-- Test -->
